Build started 4/1/2019 7:38:19 PM.
     1>Project "C:\Users\eruku\MissionRnDProjects\unit6\spec\spec.vcxproj" on node 3 (Build target(s)).
     1>ClCompile:
         C:\Program Files (x86)\Microsoft Visual Studio 12.0\VC\bin\CL.exe /c /AI"C:\Program Files (x86)\Reference Assemblies\Microsoft\Framework\.NETFramework\v4.0" /AI"C:\Program Files (x86)\Windows Kits\8.1\References\CommonConfiguration\Neutral" /Zi /clr /nologo /W3 /WX- /Od /Oy- /D WIN32 /D _DEBUG /D _WINDLL /D _UNICODE /D UNICODE /EHa /MD /GS /fp:precise /Zc:wchar_t /Zc:forScope /Yu"stdafx.h" /Fp"Debug\spec.pch" /Fo"Debug\\" /Fd"Debug\vc120.pdb" /TP /FU"C:\Program Files (x86)\Microsoft Visual Studio 12.0\Common7\IDE\PublicAssemblies\Microsoft.VisualStudio.QualityTools.UnitTestFramework.dll" /FU"C:\Program Files (x86)\Reference Assemblies\Microsoft\Framework\.NETFramework\v4.0\mscorlib.dll" /FU"C:\Program Files (x86)\Reference Assemblies\Microsoft\Framework\.NETFramework\v4.0\System.Data.dll" /FU"C:\Program Files (x86)\Reference Assemblies\Microsoft\Framework\.NETFramework\v4.0\System.dll" /FU"C:\Program Files (x86)\Reference Assemblies\Microsoft\Framework\.NETFramework\v4.0\System.Xml.dll" /analyze- /errorReport:prompt /clr:nostdlib CombineCommonElementsSpec.cpp
         CombineCommonElementsSpec.cpp
     1>CombineCommonElementsSpec.cpp(238): warning C4305: 'initializing' : truncation from 'double' to 'float'
     1>CombineCommonElementsSpec.cpp(239): warning C4305: 'initializing' : truncation from 'double' to 'float'
       Link:
         C:\Program Files (x86)\Microsoft Visual Studio 12.0\VC\bin\link.exe /ERRORREPORT:PROMPT /OUT:"C:\Users\eruku\MissionRnDProjects\unit6\Debug\spec.dll" /INCREMENTAL /NOLOGO /MANIFEST /MANIFESTUAC:"level='asInvoker' uiAccess='false'" /manifest:embed /DEBUG /PDB:"C:\Users\eruku\MissionRnDProjects\unit6\Debug\spec.pdb" /TLBID:1 /DYNAMICBASE /FIXED:NO /NXCOMPAT /MACHINE:X86 /SAFESEH /DLL Debug\app.res
         Debug\AssemblyInfo.obj
         Debug\BasicsSpec.obj
         Debug\VoidPointersSpec.obj
         Debug\CombineCommonElementsSpec.obj
         Debug\stdafx.obj
         Debug\MaxEqualSubArraySpec.obj
         "Debug\.NETFramework,Version=v4.0.AssemblyAttributes.obj"
         spec.vcxproj -> C:\Users\eruku\MissionRnDProjects\unit6\Debug\spec.dll
     1>Done Building Project "C:\Users\eruku\MissionRnDProjects\unit6\spec\spec.vcxproj" (Build target(s)).

Build succeeded.

Time Elapsed 00:00:02.40
